Started GET "/" for ::1 at 2020-05-28 21:05:34 +0700
  [1m[35m (1.2ms)[0m  [1m[34mSELECT "schema_migrations"."version" FROM "schema_migrations" ORDER BY "schema_migrations"."version" ASC[0m
Processing by Rails::WelcomeController#index as HTML
  Rendering /Users/gdrom/.rvm/gems/ruby-2.6.3/gems/railties-6.0.3.1/lib/rails/templates/rails/welcome/index.html.erb
  Rendered /Users/gdrom/.rvm/gems/ruby-2.6.3/gems/railties-6.0.3.1/lib/rails/templates/rails/welcome/index.html.erb (Duration: 12.2ms | Allocations: 481)
Completed 200 OK in 29ms (Views: 21.5ms | ActiveRecord: 0.0ms | Allocations: 2635)


Started GET "/api/movies" for ::1 at 2020-05-28 21:05:44 +0700
Processing by Api::MoviesController#show as HTML
  [1m[36mMovie Load (1.0ms)[0m  [1m[34mSELECT "movies".* FROM "movies"[0m
  ↳ app/controllers/api/movies_controller.rb:5:in `show'
Completed 200 OK in 68ms (Views: 18.5ms | ActiveRecord: 42.4ms | Allocations: 5891)


Started GET "/" for ::1 at 2020-05-28 22:01:26 +0700
Processing by Api::MoviesController#show as HTML
  [1m[36mMovie Load (41.6ms)[0m  [1m[34mSELECT "movies".* FROM "movies"[0m
  ↳ app/controllers/api/movies_controller.rb:5:in `show'
Completed 200 OK in 57ms (Views: 12.2ms | ActiveRecord: 41.6ms | Allocations: 5191)


Started GET "/" for ::1 at 2020-05-28 22:01:29 +0700
Processing by Api::MoviesController#show as HTML
  [1m[36mMovie Load (0.3ms)[0m  [1m[34mSELECT "movies".* FROM "movies"[0m
  ↳ app/controllers/api/movies_controller.rb:5:in `show'
Completed 200 OK in 2ms (Views: 1.5ms | ActiveRecord: 0.3ms | Allocations: 1085)


Started GET "/" for ::1 at 2020-05-28 22:11:48 +0700
  [1m[35m (3.0ms)[0m  [1m[34mSELECT "schema_migrations"."version" FROM "schema_migrations" ORDER BY "schema_migrations"."version" ASC[0m
Processing by Api::MoviesController#show as HTML
  [1m[36mMovie Load (1.0ms)[0m  [1m[34mSELECT "movies".* FROM "movies"[0m
  ↳ app/controllers/api/movies_controller.rb:5:in `show'
Completed 200 OK in 76ms (Views: 18.4ms | ActiveRecord: 50.0ms | Allocations: 5881)


